/root/netfpga/projects/SoC_DPU_v2_netcat2/synth/nf2_top.ngc 1774327166
/root/netfpga/projects/SoC_DPU_v2_netcat2/synth/srl_cam_unencoded_32x32.ngc 1392408693
/root/netfpga/projects/SoC_DPU_v2_netcat2/synth/bram_cam_unencoded_32x32.ngc 1392408612
/root/netfpga/projects/SoC_DPU_v2_netcat2/synth/syncfifo_512x72.ngc 1392409073
/root/netfpga/projects/SoC_DPU_v2_netcat2/synth/FIFO_72W256D.ngc 1774326871
/root/netfpga/projects/SoC_DPU_v2_netcat2/synth/mem32bit512.ngc 1774326871
/root/netfpga/projects/SoC_DPU_v2_netcat2/synth/registerFile64_BRAM.ngc 1774326872
/root/netfpga/projects/SoC_DPU_v2_netcat2/synth/mem32bit256.ngc 1774326871
/root/netfpga/projects/SoC_DPU_v2_netcat2/synth/imem_16W512D.ngc 1774326871
/root/netfpga/projects/SoC_DPU_v2_netcat2/synth/dmem_64W256D.ngc 1774326871
/root/netfpga/projects/SoC_DPU_v2_netcat2/synth/bf16_unpacker_16W256D.ngc 1774326871
/root/netfpga/projects/SoC_DPU_v2_netcat2/synth/mult_bf16.ngc 1774326871
/root/netfpga/projects/SoC_DPU_v2_netcat2/synth/shifter_8W2048D.ngc 1774326872
/root/netfpga/projects/SoC_DPU_v2_netcat2/synth/bf16_packer_16W512D.ngc 1774326871
/root/netfpga/projects/SoC_DPU_v2_netcat2/synth/cdq_tx_fifo_256x72_to_36.ngc 1392408366
/root/netfpga/projects/SoC_DPU_v2_netcat2/synth/cdq_rx_fifo_512x36_to_72.ngc 1392408281
/root/netfpga/projects/SoC_DPU_v2_netcat2/synth/txfifo_512x72_to_9.ngc 1392408420
/root/netfpga/projects/SoC_DPU_v2_netcat2/synth/rxfifo_8kx9_to_72.ngc 1392408470
/root/netfpga/projects/SoC_DPU_v2_netcat2/synth/rxlengthfifo_128x13.ngc 1392408389
/root/netfpga/projects/SoC_DPU_v2_netcat2/synth/pci2net_16x60.ngc 1392408858
/root/netfpga/projects/SoC_DPU_v2_netcat2/synth/net2pci_16x32.ngc 1392408827
OK
